<?xml version="1.0" encoding="UTF-8"?>
<!-- Generated by org.testng.reporters.JUnitReportReporter -->
<testsuite hostname="Hasan" failures="0" tests="1" name="test.MckTest" time="13.085" errors="0" timestamp="2021-06-09T15:02:30 EDT" skipped="0">
  <testcase classname="test.MckTest" name="t" time="13.085"/>
  <system-out/>
</testsuite> <!-- test.MckTest -->
