<?xml version="1.0" encoding="UTF-8"?>
<!-- Generated by org.testng.reporters.JUnitReportReporter -->
<testsuite hostname="Hasan" failures="0" tests="1" name="test.BaseTest" time="8.199" errors="0" timestamp="2021-06-09T14:06:18 EDT" skipped="0">
  <testcase classname="test.BaseTest" name="start" time="8.199"/>
  <system-out/>
</testsuite> <!-- test.BaseTest -->
